# JRE version: OpenJDK Runtime Environment (11.0.12+7) (build 11.0.12+7-b1504.28-7817840)
# Java VM: OpenJDK 64-Bit Server VM (11.0.12+7-b1504.28-7817840, mixed mode, tiered, compressed oops, g1 gc, windows-amd64)
Heap:
 garbage-first heap   total 732160K, used 271872K [0x0000000080000000, 0x0000000100000000)
  region size 1024K, 6 young (6144K), 6 survivors (6144K)
 Metaspace       used 96672K, capacity 99025K, committed 99200K, reserved 1134592K
  class space    used 12525K, capacity 13378K, committed 13516K, reserved 1048576K
GC Heap History (20 events):
Event: 25.377 GC heap after
{Heap after GC invocations=25 (full 0):
 garbage-first heap   total 324608K, used 136192K [0x0000000080000000, 0x0000000100000000)
  region size 1024K, 0 young (0K), 0 survivors (0K)
 Metaspace       used 94137K, capacity 96348K, committed 96640K, reserved 1132544K
  class space    used 12061K, capacity 12875K, committed 13004K, reserved 1048576K
}
Event: 26.271 GC heap before
{Heap before GC invocations=26 (full 0):
 garbage-first heap   total 324608K, used 191488K [0x0000000080000000, 0x0000000100000000)
  region size 1024K, 37 young (37888K), 0 survivors (0K)
 Metaspace       used 94327K, capacity 96580K, committed 96896K, reserved 1132544K
  class space    used 12084K, capacity 12909K, committed 13004K, reserved 1048576K
}
Event: 26.337 GC heap after
{Heap after GC invocations=27 (full 0):
 garbage-first heap   total 324608K, used 158720K [0x0000000080000000, 0x0000000100000000)
  region size 1024K, 13 young (13312K), 13 survivors (13312K)
 Metaspace       used 94327K, capacity 96580K, committed 96896K, reserved 1132544K
  class space    used 12084K, capacity 12909K, committed 13004K, reserved 1048576K
}
Event: 26.883 GC heap before
{Heap before GC invocations=28 (full 0):
 garbage-first heap   total 324608K, used 165888K [0x0000000080000000, 0x0000000100000000)
  region size 1024K, 19 young (19456K), 13 survivors (13312K)
 Metaspace       used 94328K, capacity 96644K, committed 96896K, reserved 1132544K
  class space    used 12084K, capacity 12909K, committed 13004K, reserved 1048576K
}
Event: 26.939 GC heap after
{Heap after GC invocations=29 (full 0):
 garbage-first heap   total 324608K, used 161701K [0x0000000080000000, 0x0000000100000000)
  region size 1024K, 3 young (3072K), 3 survivors (3072K)
 Metaspace       used 94328K, capacity 96644K, committed 96896K, reserved 1132544K
  class space    used 12084K, capacity 12909K, committed 13004K, reserved 1048576K
}
Event: 26.945 GC heap before
{Heap before GC invocations=29 (full 0):
 garbage-first heap   total 324608K, used 161701K [0x0000000080000000, 0x0000000100000000)
  region size 1024K, 4 young (4096K), 3 survivors (3072K)
 Metaspace       used 94328K, capacity 96644K, committed 96896K, reserved 1132544K
  class space    used 12084K, capacity 12909K, committed 13004K, reserved 1048576K
}
Event: 26.960 GC heap after
{Heap after GC invocations=30 (full 0):
 garbage-first heap   total 324608K, used 161503K [0x0000000080000000, 0x0000000100000000)
  region size 1024K, 3 young (3072K), 3 survivors (3072K)
 Metaspace       used 94328K, capacity 96644K, committed 96896K, reserved 1132544K
  class space    used 12084K, capacity 12909K, committed 13004K, reserved 1048576K
}
Event: 27.773 GC heap before
{Heap before GC invocations=31 (full 0):
 garbage-first heap   total 324608K, used 196319K [0x0000000080000000, 0x0000000100000000)
  region size 1024K, 37 young (37888K), 3 survivors (3072K)
 Metaspace       used 94329K, capacity 96644K, committed 96896K, reserved 1132544K
  class space    used 12084K, capacity 12909K, committed 13004K, reserved 1048576K
}
Event: 27.844 GC heap after
{Heap after GC invocations=32 (full 0):
 garbage-first heap   total 324608K, used 175104K [0x0000000080000000, 0x0000000100000000)
  region size 1024K, 5 young (5120K), 5 survivors (5120K)
 Metaspace       used 94329K, capacity 96644K, committed 96896K, reserved 1132544K
  class space    used 12084K, capacity 12909K, committed 13004K, reserved 1048576K
}
Event: 27.868 GC heap before
{Heap before GC invocations=32 (full 0):
 garbage-first heap   total 324608K, used 175104K [0x0000000080000000, 0x0000000100000000)
  region size 1024K, 6 young (6144K), 5 survivors (5120K)
 Metaspace       used 94329K, capacity 96644K, committed 96896K, reserved 1132544K
  class space    used 12084K, capacity 12909K, committed 13004K, reserved 1048576K
}
Event: 27.905 GC heap after
{Heap after GC invocations=33 (full 0):
 garbage-first heap   total 324608K, used 176522K [0x0000000080000000, 0x0000000100000000)
  region size 1024K, 1 young (1024K), 1 survivors (1024K)
 Metaspace       used 94329K, capacity 96644K, committed 96896K, reserved 1132544K
  class space    used 12084K, capacity 12909K, committed 13004K, reserved 1048576K
}
Event: 29.011 GC heap before
{Heap before GC invocations=34 (full 0):
 garbage-first heap   total 324608K, used 212362K [0x0000000080000000, 0x0000000100000000)
  region size 1024K, 31 young (31744K), 1 survivors (1024K)
 Metaspace       used 96596K, capacity 98953K, committed 99200K, reserved 1134592K
  class space    used 12524K, capacity 13378K, committed 13516K, reserved 1048576K
}
Event: 29.090 GC heap after
{Heap after GC invocations=35 (full 0):
 garbage-first heap   total 390144K, used 195072K [0x0000000080000000, 0x0000000100000000)
  region size 1024K, 4 young (4096K), 4 survivors (4096K)
 Metaspace       used 96596K, capacity 98953K, committed 99200K, reserved 1134592K
  class space    used 12524K, capacity 13378K, committed 13516K, reserved 1048576K
}
Event: 29.646 GC heap before
{Heap before GC invocations=35 (full 0):
 garbage-first heap   total 390144K, used 229888K [0x0000000080000000, 0x0000000100000000)
  region size 1024K, 38 young (38912K), 4 survivors (4096K)
 Metaspace       used 96659K, capacity 99020K, committed 99200K, reserved 1134592K
  class space    used 12524K, capacity 13378K, committed 13516K, reserved 1048576K
}
Event: 29.747 GC heap after
{Heap after GC invocations=36 (full 0):
 garbage-first heap   total 390144K, used 214016K [0x0000000080000000, 0x0000000100000000)
  region size 1024K, 5 young (5120K), 5 survivors (5120K)
 Metaspace       used 96659K, capacity 99020K, committed 99200K, reserved 1134592K
  class space    used 12524K, capacity 13378K, committed 13516K, reserved 1048576K
}
Event: 31.154 GC heap before
{Heap before GC invocations=37 (full 0):
 garbage-first heap   total 390144K, used 246784K [0x0000000080000000, 0x0000000100000000)
  region size 1024K, 39 young (39936K), 5 survivors (5120K)
 Metaspace       used 96666K, capacity 99025K, committed 99200K, reserved 1134592K
  class space    used 12524K, capacity 13378K, committed 13516K, reserved 1048576K
}
Event: 31.272 GC heap after
{Heap after GC invocations=38 (full 0):
 garbage-first heap   total 390144K, used 230400K [0x0000000080000000, 0x0000000100000000)
  region size 1024K, 5 young (5120K), 5 survivors (5120K)
 Metaspace       used 96666K, capacity 99025K, committed 99200K, reserved 1134592K
  class space    used 12524K, capacity 13378K, committed 13516K, reserved 1048576K
}
Event: 31.841 GC heap before
{Heap before GC invocations=38 (full 0):
 garbage-first heap   total 390144K, used 270336K [0x0000000080000000, 0x0000000100000000)
  region size 1024K, 44 young (45056K), 5 survivors (5120K)
 Metaspace       used 96669K, capacity 99025K, committed 99200K, reserved 1134592K
  class space    used 12524K, capacity 13378K, committed 13516K, reserved 1048576K
}
Event: 31.935 GC heap after
{Heap after GC invocations=39 (full 0):
 garbage-first heap   total 390144K, used 250368K [0x0000000080000000, 0x0000000100000000)
  region size 1024K, 6 young (6144K), 6 survivors (6144K)
 Metaspace       used 96669K, capacity 99025K, committed 99200K, reserved 1134592K
  class space    used 12524K, capacity 13378K, committed 13516K, reserved 1048576K
}
Event: 33.657 GC heap before
{Heap before GC invocations=40 (full 0):
 garbage-first heap   total 390144K, used 291328K [0x0000000080000000, 0x0000000100000000)
  region size 1024K, 46 young (47104K), 6 survivors (6144K)
 Metaspace       used 96672K, capacity 99025K, committed 99200K, reserved 1134592K
  class space    used 12525K, capacity 13378K, committed 13516K, reserved 1048576K
}

