# JRE version: OpenJDK Runtime Environment (11.0.12+7) (build 11.0.12+7-b1504.28-7817840)
# Java VM: OpenJDK 64-Bit Server VM (11.0.12+7-b1504.28-7817840, mixed mode, tiered, compressed oops, g1 gc, windows-amd64)
Heap:
 garbage-first heap   total 836608K, used 340992K [0x0000000080000000, 0x0000000100000000)
  region size 1024K, 5 young (5120K), 5 survivors (5120K)
 Metaspace       used 120988K, capacity 124161K, committed 124288K, reserved 1157120K
  class space    used 15321K, capacity 16497K, committed 16512K, reserved 1048576K
GC Heap History (20 events):
Event: 66.153 GC heap after
{Heap after GC invocations=40 (full 0):
 garbage-first heap   total 290816K, used 217600K [0x0000000080000000, 0x0000000100000000)
  region size 1024K, 4 young (4096K), 4 survivors (4096K)
 Metaspace       used 118658K, capacity 121784K, committed 122112K, reserved 1155072K
  class space    used 14881K, capacity 16028K, committed 16128K, reserved 1048576K
}
Event: 66.951 GC heap before
{Heap before GC invocations=41 (full 0):
 garbage-first heap   total 290816K, used 238080K [0x0000000080000000, 0x0000000100000000)
  region size 1024K, 22 young (22528K), 4 survivors (4096K)
 Metaspace       used 118659K, capacity 121784K, committed 122112K, reserved 1155072K
  class space    used 14881K, capacity 16028K, committed 16128K, reserved 1048576K
}
Event: 67.064 GC heap after
{Heap after GC invocations=42 (full 0):
 garbage-first heap   total 290816K, used 226804K [0x0000000080000000, 0x0000000100000000)
  region size 1024K, 3 young (3072K), 3 survivors (3072K)
 Metaspace       used 118659K, capacity 121784K, committed 122112K, reserved 1155072K
  class space    used 14881K, capacity 16028K, committed 16128K, reserved 1048576K
}
Event: 67.386 GC heap before
{Heap before GC invocations=42 (full 0):
 garbage-first heap   total 290816K, used 238068K [0x0000000080000000, 0x0000000100000000)
  region size 1024K, 14 young (14336K), 3 survivors (3072K)
 Metaspace       used 118660K, capacity 121784K, committed 122112K, reserved 1155072K
  class space    used 14881K, capacity 16028K, committed 16128K, reserved 1048576K
}
Event: 67.442 GC heap after
{Heap after GC invocations=43 (full 0):
 garbage-first heap   total 290816K, used 228864K [0x0000000080000000, 0x0000000100000000)
  region size 1024K, 2 young (2048K), 2 survivors (2048K)
 Metaspace       used 118660K, capacity 121784K, committed 122112K, reserved 1155072K
  class space    used 14881K, capacity 16028K, committed 16128K, reserved 1048576K
}
Event: 67.547 GC heap before
{Heap before GC invocations=43 (full 0):
 garbage-first heap   total 290816K, used 239104K [0x0000000080000000, 0x0000000100000000)
  region size 1024K, 14 young (14336K), 2 survivors (2048K)
 Metaspace       used 118660K, capacity 121784K, committed 122112K, reserved 1155072K
  class space    used 14881K, capacity 16028K, committed 16128K, reserved 1048576K
}
Event: 67.580 GC heap after
{Heap after GC invocations=44 (full 0):
 garbage-first heap   total 290816K, used 233984K [0x0000000080000000, 0x0000000100000000)
  region size 1024K, 2 young (2048K), 2 survivors (2048K)
 Metaspace       used 118660K, capacity 121784K, committed 122112K, reserved 1155072K
  class space    used 14881K, capacity 16028K, committed 16128K, reserved 1048576K
}
Event: 68.172 GC heap before
{Heap before GC invocations=44 (full 0):
 garbage-first heap   total 290816K, used 251392K [0x0000000080000000, 0x0000000100000000)
  region size 1024K, 14 young (14336K), 2 survivors (2048K)
 Metaspace       used 118736K, capacity 121854K, committed 122112K, reserved 1155072K
  class space    used 14894K, capacity 16030K, committed 16128K, reserved 1048576K
}
Event: 68.233 GC heap after
{Heap after GC invocations=45 (full 0):
 garbage-first heap   total 290816K, used 246245K [0x0000000080000000, 0x0000000100000000)
  region size 1024K, 2 young (2048K), 2 survivors (2048K)
 Metaspace       used 118736K, capacity 121854K, committed 122112K, reserved 1155072K
  class space    used 14894K, capacity 16030K, committed 16128K, reserved 1048576K
}
Event: 68.618 GC heap before
{Heap before GC invocations=46 (full 0):
 garbage-first heap   total 290816K, used 257509K [0x0000000080000000, 0x0000000100000000)
  region size 1024K, 14 young (14336K), 2 survivors (2048K)
 Metaspace       used 120877K, capacity 124027K, committed 124288K, reserved 1157120K
  class space    used 15320K, capacity 16497K, committed 16512K, reserved 1048576K
}
Event: 68.653 GC heap after
{Heap after GC invocations=47 (full 0):
 garbage-first heap   total 290816K, used 250880K [0x0000000080000000, 0x0000000100000000)
  region size 1024K, 2 young (2048K), 2 survivors (2048K)
 Metaspace       used 120877K, capacity 124027K, committed 124288K, reserved 1157120K
  class space    used 15320K, capacity 16497K, committed 16512K, reserved 1048576K
}
Event: 69.257 GC heap before
{Heap before GC invocations=47 (full 0):
 garbage-first heap   total 290816K, used 263168K [0x0000000080000000, 0x0000000100000000)
  region size 1024K, 14 young (14336K), 2 survivors (2048K)
 Metaspace       used 120958K, capacity 124094K, committed 124288K, reserved 1157120K
  class space    used 15320K, capacity 16497K, committed 16512K, reserved 1048576K
}
Event: 69.326 GC heap after
{Heap after GC invocations=48 (full 0):
 garbage-first heap   total 454656K, used 254840K [0x0000000080000000, 0x0000000100000000)
  region size 1024K, 2 young (2048K), 2 survivors (2048K)
 Metaspace       used 120958K, capacity 124094K, committed 124288K, reserved 1157120K
  class space    used 15320K, capacity 16497K, committed 16512K, reserved 1048576K
}
Event: 70.099 GC heap before
{Heap before GC invocations=48 (full 0):
 garbage-first heap   total 454656K, used 301944K [0x0000000080000000, 0x0000000100000000)
  region size 1024K, 48 young (49152K), 2 survivors (2048K)
 Metaspace       used 120985K, capacity 124161K, committed 124288K, reserved 1157120K
  class space    used 15320K, capacity 16497K, committed 16512K, reserved 1048576K
}
Event: 70.182 GC heap after
{Heap after GC invocations=49 (full 0):
 garbage-first heap   total 454656K, used 280064K [0x0000000080000000, 0x0000000100000000)
  region size 1024K, 6 young (6144K), 6 survivors (6144K)
 Metaspace       used 120985K, capacity 124161K, committed 124288K, reserved 1157120K
  class space    used 15320K, capacity 16497K, committed 16512K, reserved 1048576K
}
Event: 72.030 GC heap before
{Heap before GC invocations=50 (full 0):
 garbage-first heap   total 454656K, used 325120K [0x0000000080000000, 0x0000000100000000)
  region size 1024K, 52 young (53248K), 6 survivors (6144K)
 Metaspace       used 120985K, capacity 124161K, committed 124288K, reserved 1157120K
  class space    used 15320K, capacity 16497K, committed 16512K, reserved 1048576K
}
Event: 72.144 GC heap after
{Heap after GC invocations=51 (full 0):
 garbage-first heap   total 454656K, used 302080K [0x0000000080000000, 0x0000000100000000)
  region size 1024K, 7 young (7168K), 7 survivors (7168K)
 Metaspace       used 120985K, capacity 124161K, committed 124288K, reserved 1157120K
  class space    used 15320K, capacity 16497K, committed 16512K, reserved 1048576K
}
Event: 72.885 GC heap before
{Heap before GC invocations=51 (full 0):
 garbage-first heap   total 454656K, used 343040K [0x0000000080000000, 0x0000000100000000)
  region size 1024K, 47 young (48128K), 7 survivors (7168K)
 Metaspace       used 120987K, capacity 124161K, committed 124288K, reserved 1157120K
  class space    used 15320K, capacity 16497K, committed 16512K, reserved 1048576K
}
Event: 73.039 GC heap after
{Heap after GC invocations=52 (full 0):
 garbage-first heap   total 454656K, used 323072K [0x0000000080000000, 0x0000000100000000)
  region size 1024K, 6 young (6144K), 6 survivors (6144K)
 Metaspace       used 120987K, capacity 124161K, committed 124288K, reserved 1157120K
  class space    used 15320K, capacity 16497K, committed 16512K, reserved 1048576K
}
Event: 73.471 GC heap before
{Heap before GC invocations=52 (full 0):
 garbage-first heap   total 454656K, used 356864K [0x0000000080000000, 0x0000000100000000)
  region size 1024K, 40 young (40960K), 6 survivors (6144K)
 Metaspace       used 120988K, capacity 124161K, committed 124288K, reserved 1157120K
  class space    used 15321K, capacity 16497K, committed 16512K, reserved 1048576K
}

